{"D:\\code\\full-stack\\mern-ecommerce\\server\\app.js": {"path":"D:\\code\\full-stack\\mern-ecommerce\\server\\app.js","statementMap":{"0":{"start":{"line":8,"column":12},"end":{"line":8,"column":21}},"1":{"start":{"line":11,"column":0},"end":{"line":11,"column":24}},"2":{"start":{"line":12,"column":0},"end":{"line":12,"column":48}},"3":{"start":{"line":13,"column":0},"end":{"line":13,"column":24}},"4":{"start":{"line":16,"column":0},"end":{"line":16,"column":40}},"5":{"start":{"line":18,"column":0},"end":{"line":22,"column":3}},"6":{"start":{"line":19,"column":16},"end":{"line":19,"column":59}},"7":{"start":{"line":20,"column":2},"end":{"line":20,"column":18}},"8":{"start":{"line":21,"column":2},"end":{"line":21,"column":14}},"9":{"start":{"line":24,"column":0},"end":{"line":24,"column":22}}},"fnMap":{"0":{"name":"(anonymous_0)","decl":{"start":{"line":18,"column":13},"end":{"line":18,"column":14}},"loc":{"start":{"line":18,"column":33},"end":{"line":22,"column":1}},"line":18}},"branchMap":{},"s":{"0":1,"1":1,"2":1,"3":1,"4":1,"5":1,"6":0,"7":0,"8":0,"9":1},"f":{"0":0},"b":{},"_coverageSchema":"1a1c01bbd47fc00a2c39e90264f33305004495a9","hash":"9f6d617c826986058e2c3803393cf9f1dbb8fb04"}
,"D:\\code\\full-stack\\mern-ecommerce\\server\\middleware\\errorHandler.js": {"path":"D:\\code\\full-stack\\mern-ecommerce\\server\\middleware\\errorHandler.js","statementMap":{"0":{"start":{"line":1,"column":28},"end":{"line":9,"column":1}},"1":{"start":{"line":2,"column":19},"end":{"line":2,"column":64}},"2":{"start":{"line":3,"column":16},"end":{"line":3,"column":27}},"3":{"start":{"line":5,"column":2},"end":{"line":8,"column":5}}},"fnMap":{"0":{"name":"(anonymous_0)","decl":{"start":{"line":1,"column":28},"end":{"line":1,"column":29}},"loc":{"start":{"line":1,"column":53},"end":{"line":9,"column":1}},"line":1}},"branchMap":{"0":{"loc":{"start":{"line":2,"column":19},"end":{"line":2,"column":64}},"type":"cond-expr","locations":[{"start":{"line":2,"column":44},"end":{"line":2,"column":47}},{"start":{"line":2,"column":50},"end":{"line":2,"column":64}}],"line":2},"1":{"loc":{"start":{"line":7,"column":11},"end":{"line":7,"column":67}},"type":"cond-expr","locations":[{"start":{"line":7,"column":51},"end":{"line":7,"column":55}},{"start":{"line":7,"column":58},"end":{"line":7,"column":67}}],"line":7}},"s":{"0":1,"1":0,"2":0,"3":0},"f":{"0":0},"b":{"0":[0,0],"1":[0,0]},"_coverageSchema":"1a1c01bbd47fc00a2c39e90264f33305004495a9","hash":"a47601fb83dd806f38342e548d37e622973a507d"}
,"D:\\code\\full-stack\\mern-ecommerce\\server\\modules\\product\\product.controller.js": {"path":"D:\\code\\full-stack\\mern-ecommerce\\server\\modules\\product\\product.controller.js","statementMap":{"0":{"start":{"line":9,"column":2},"end":{"line":14,"column":3}},"1":{"start":{"line":10,"column":21},"end":{"line":10,"column":41}},"2":{"start":{"line":11,"column":4},"end":{"line":11,"column":35}},"3":{"start":{"line":13,"column":4},"end":{"line":13,"column":16}},"4":{"start":{"line":23,"column":2},"end":{"line":33,"column":3}},"5":{"start":{"line":24,"column":20},"end":{"line":24,"column":57}},"6":{"start":{"line":25,"column":4},"end":{"line":30,"column":5}},"7":{"start":{"line":26,"column":6},"end":{"line":26,"column":31}},"8":{"start":{"line":28,"column":6},"end":{"line":28,"column":22}},"9":{"start":{"line":29,"column":6},"end":{"line":29,"column":43}},"10":{"start":{"line":32,"column":4},"end":{"line":32,"column":16}}},"fnMap":{"0":{"name":"getAllProducts","decl":{"start":{"line":8,"column":22},"end":{"line":8,"column":36}},"loc":{"start":{"line":8,"column":53},"end":{"line":15,"column":1}},"line":8},"1":{"name":"getProductById","decl":{"start":{"line":22,"column":22},"end":{"line":22,"column":36}},"loc":{"start":{"line":22,"column":53},"end":{"line":34,"column":1}},"line":22}},"branchMap":{"0":{"loc":{"start":{"line":25,"column":4},"end":{"line":30,"column":5}},"type":"if","locations":[{"start":{"line":25,"column":4},"end":{"line":30,"column":5}},{"start":{"line":27,"column":11},"end":{"line":30,"column":5}}],"line":25}},"s":{"0":2,"1":2,"2":2,"3":0,"4":1,"5":1,"6":1,"7":1,"8":0,"9":0,"10":0},"f":{"0":2,"1":1},"b":{"0":[1,0]},"_coverageSchema":"1a1c01bbd47fc00a2c39e90264f33305004495a9","hash":"225324f6f1f94eb8fbc192bd25d25c41eddc0615"}
,"D:\\code\\full-stack\\mern-ecommerce\\server\\modules\\product\\product.model.js": {"path":"D:\\code\\full-stack\\mern-ecommerce\\server\\modules\\product\\product.model.js","statementMap":{"0":{"start":{"line":3,"column":22},"end":{"line":75,"column":1}},"1":{"start":{"line":77,"column":16},"end":{"line":77,"column":47}}},"fnMap":{},"branchMap":{},"s":{"0":1,"1":1},"f":{},"b":{},"_coverageSchema":"1a1c01bbd47fc00a2c39e90264f33305004495a9","hash":"b891a5f3ba5cefd38ee97c4bcf96efc35cc26167"}
,"D:\\code\\full-stack\\mern-ecommerce\\server\\modules\\product\\product.route.js": {"path":"D:\\code\\full-stack\\mern-ecommerce\\server\\modules\\product\\product.route.js","statementMap":{"0":{"start":{"line":4,"column":15},"end":{"line":4,"column":31}},"1":{"start":{"line":6,"column":0},"end":{"line":6,"column":32}},"2":{"start":{"line":7,"column":0},"end":{"line":7,"column":35}}},"fnMap":{},"branchMap":{},"s":{"0":1,"1":1,"2":1},"f":{},"b":{},"_coverageSchema":"1a1c01bbd47fc00a2c39e90264f33305004495a9","hash":"6ebc3572c8fdb882a14ce0f5c5785d497aeb2541"}
,"D:\\code\\full-stack\\mern-ecommerce\\server\\modules\\product\\productsTestData.js": {"path":"D:\\code\\full-stack\\mern-ecommerce\\server\\modules\\product\\productsTestData.js","statementMap":{"0":{"start":{"line":1,"column":32},"end":{"line":80,"column":1}}},"fnMap":{},"branchMap":{},"s":{"0":1},"f":{},"b":{},"_coverageSchema":"1a1c01bbd47fc00a2c39e90264f33305004495a9","hash":"37f0add13d3c4ef391c6257090b51285d98b1711"}
,"D:\\code\\full-stack\\mern-ecommerce\\server\\modules\\user\\user.model.js": {"path":"D:\\code\\full-stack\\mern-ecommerce\\server\\modules\\user\\user.model.js","statementMap":{"0":{"start":{"line":4,"column":19},"end":{"line":28,"column":1}},"1":{"start":{"line":31,"column":0},"end":{"line":33,"column":2}},"2":{"start":{"line":32,"column":2},"end":{"line":32,"column":62}},"3":{"start":{"line":36,"column":0},"end":{"line":43,"column":3}},"4":{"start":{"line":37,"column":2},"end":{"line":39,"column":3}},"5":{"start":{"line":38,"column":4},"end":{"line":38,"column":11}},"6":{"start":{"line":41,"column":15},"end":{"line":41,"column":39}},"7":{"start":{"line":42,"column":2},"end":{"line":42,"column":57}},"8":{"start":{"line":45,"column":13},"end":{"line":45,"column":38}}},"fnMap":{"0":{"name":"(anonymous_0)","decl":{"start":{"line":31,"column":35},"end":{"line":31,"column":36}},"loc":{"start":{"line":31,"column":68},"end":{"line":33,"column":1}},"line":31},"1":{"name":"(anonymous_1)","decl":{"start":{"line":36,"column":23},"end":{"line":36,"column":24}},"loc":{"start":{"line":36,"column":45},"end":{"line":43,"column":1}},"line":36}},"branchMap":{"0":{"loc":{"start":{"line":37,"column":2},"end":{"line":39,"column":3}},"type":"if","locations":[{"start":{"line":37,"column":2},"end":{"line":39,"column":3}},{"start":{},"end":{}}],"line":37}},"s":{"0":1,"1":1,"2":0,"3":1,"4":0,"5":0,"6":0,"7":0,"8":1},"f":{"0":0,"1":0},"b":{"0":[0,0]},"_coverageSchema":"1a1c01bbd47fc00a2c39e90264f33305004495a9","hash":"e171613b316a2967333997d5e24b1575d0516a72"}
,"D:\\code\\full-stack\\mern-ecommerce\\server\\modules\\user\\usersTestData.js": {"path":"D:\\code\\full-stack\\mern-ecommerce\\server\\modules\\user\\usersTestData.js","statementMap":{"0":{"start":{"line":4,"column":29},"end":{"line":17,"column":1}}},"fnMap":{},"branchMap":{},"s":{"0":1},"f":{},"b":{},"_coverageSchema":"1a1c01bbd47fc00a2c39e90264f33305004495a9","hash":"bf9f576cfa738ebe17c6e1932c73e04544efc92a"}
,"D:\\code\\full-stack\\mern-ecommerce\\server\\utils\\constants.js": {"path":"D:\\code\\full-stack\\mern-ecommerce\\server\\utils\\constants.js","statementMap":{"0":{"start":{"line":1,"column":20},"end":{"line":1,"column":22}}},"fnMap":{},"branchMap":{},"s":{"0":1},"f":{},"b":{},"_coverageSchema":"1a1c01bbd47fc00a2c39e90264f33305004495a9","hash":"deaa9e389eea764717ebd98cffef7dd768db0c16"}
}
