TN:
SF:app.js
FN:18,(anonymous_0)
FNF:1
FNH:0
FNDA:0,(anonymous_0)
DA:8,1
DA:11,1
DA:12,1
DA:13,1
DA:16,1
DA:18,1
DA:19,0
DA:20,0
DA:21,0
DA:24,1
LF:10
LH:7
BRF:0
BRH:0
end_of_record
TN:
SF:middleware\errorHandler.js
FN:4,(anonymous_0)
FNF:1
FNH:1
FNDA:1,(anonymous_0)
DA:4,1
DA:5,1
DA:6,1
DA:9,1
DA:10,0
DA:11,0
DA:15,1
DA:16,0
DA:17,0
DA:21,1
DA:22,0
DA:23,0
DA:27,1
DA:28,0
DA:29,0
DA:32,1
LF:16
LH:8
BRDA:5,0,0,1
BRDA:5,0,1,0
BRDA:6,1,0,1
BRDA:6,1,1,0
BRDA:9,2,0,0
BRDA:9,2,1,1
BRDA:15,3,0,0
BRDA:15,3,1,1
BRDA:21,4,0,0
BRDA:21,4,1,1
BRDA:27,5,0,0
BRDA:27,5,1,1
BRF:12
BRH:6
end_of_record
TN:
SF:modules\product\product.controller.js
FN:10,getAllProducts
FN:27,getProductById
FNF:2
FNH:2
FNDA:3,getAllProducts
FNDA:3,getProductById
DA:11,3
DA:12,3
DA:13,3
DA:18,0
DA:28,3
DA:29,3
DA:30,1
DA:32,2
DA:33,2
DA:34,2
DA:39,0
DA:42,1
LF:12
LH:10
BRDA:29,0,0,1
BRDA:29,0,1,2
BRDA:33,1,0,2
BRDA:33,1,1,0
BRF:4
BRH:3
end_of_record
TN:
SF:modules\product\product.model.js
FNF:0
FNH:0
DA:3,1
DA:77,1
LF:2
LH:2
BRF:0
BRH:0
end_of_record
TN:
SF:modules\product\product.route.js
FNF:0
FNH:0
DA:4,1
DA:6,1
DA:7,1
LF:3
LH:3
BRF:0
BRH:0
end_of_record
TN:
SF:modules\product\productsTestData.js
FNF:0
FNH:0
DA:1,1
LF:1
LH:1
BRF:0
BRH:0
end_of_record
TN:
SF:modules\user\user.model.js
FN:31,(anonymous_0)
FN:36,(anonymous_1)
FNF:2
FNH:0
FNDA:0,(anonymous_0)
FNDA:0,(anonymous_1)
DA:4,1
DA:31,1
DA:32,0
DA:36,1
DA:37,0
DA:38,0
DA:41,0
DA:42,0
DA:45,1
LF:9
LH:4
BRDA:37,0,0,0
BRDA:37,0,1,0
BRF:2
BRH:0
end_of_record
TN:
SF:modules\user\usersTestData.js
FNF:0
FNH:0
DA:4,1
LF:1
LH:1
BRF:0
BRH:0
end_of_record
TN:
SF:utils\constants.js
FNF:0
FNH:0
DA:1,1
LF:1
LH:1
BRF:0
BRH:0
end_of_record
TN:
SF:utils\customError.js
FN:2,(anonymous_0)
FNF:1
FNH:1
FNDA:1,(anonymous_0)
DA:3,1
DA:4,1
DA:5,1
LF:3
LH:3
BRF:0
BRH:0
end_of_record
TN:
SF:utils\logger.js
FNF:0
FNH:0
DA:3,1
LF:1
LH:1
BRF:0
BRH:0
end_of_record
