TN:
SF:app.js
FN:18,(anonymous_0)
FNF:1
FNH:0
FNDA:0,(anonymous_0)
DA:8,1
DA:11,1
DA:12,1
DA:13,1
DA:16,1
DA:18,1
DA:19,0
DA:20,0
DA:21,0
DA:24,1
LF:10
LH:7
BRF:0
BRH:0
end_of_record
TN:
SF:middleware\errorHandler.js
FN:1,(anonymous_0)
FNF:1
FNH:0
FNDA:0,(anonymous_0)
DA:1,1
DA:2,0
DA:3,0
DA:5,0
LF:4
LH:1
BRDA:2,0,0,0
BRDA:2,0,1,0
BRDA:7,1,0,0
BRDA:7,1,1,0
BRF:4
BRH:0
end_of_record
TN:
SF:modules\product\product.controller.js
FN:8,getAllProducts
FN:22,getProductById
FNF:2
FNH:2
FNDA:2,getAllProducts
FNDA:1,getProductById
DA:9,2
DA:10,2
DA:11,2
DA:13,0
DA:23,1
DA:24,1
DA:25,1
DA:26,1
DA:28,0
DA:29,0
DA:32,0
LF:11
LH:7
BRDA:25,0,0,1
BRDA:25,0,1,0
BRF:2
BRH:1
end_of_record
TN:
SF:modules\product\product.model.js
FNF:0
FNH:0
DA:3,1
DA:77,1
LF:2
LH:2
BRF:0
BRH:0
end_of_record
TN:
SF:modules\product\product.route.js
FNF:0
FNH:0
DA:4,1
DA:6,1
DA:7,1
LF:3
LH:3
BRF:0
BRH:0
end_of_record
TN:
SF:modules\product\productsTestData.js
FNF:0
FNH:0
DA:1,1
LF:1
LH:1
BRF:0
BRH:0
end_of_record
TN:
SF:modules\user\user.model.js
FN:31,(anonymous_0)
FN:36,(anonymous_1)
FNF:2
FNH:0
FNDA:0,(anonymous_0)
FNDA:0,(anonymous_1)
DA:4,1
DA:31,1
DA:32,0
DA:36,1
DA:37,0
DA:38,0
DA:41,0
DA:42,0
DA:45,1
LF:9
LH:4
BRDA:37,0,0,0
BRDA:37,0,1,0
BRF:2
BRH:0
end_of_record
TN:
SF:modules\user\usersTestData.js
FNF:0
FNH:0
DA:4,1
LF:1
LH:1
BRF:0
BRH:0
end_of_record
TN:
SF:utils\constants.js
FNF:0
FNH:0
DA:1,1
LF:1
LH:1
BRF:0
BRH:0
end_of_record
